2025-03-28 11:49:37,733 - __main__ - INFO - Testing USA Cars Data Scraper with domain: newyork
2025-03-28 11:49:37,733 - __main__ - INFO - Max pages: 1
2025-03-28 11:49:37,733 - __main__ - INFO - Max listings: 2
2025-03-28 11:49:37,733 - __main__ - INFO - Headless mode: True
2025-03-28 11:49:37,734 - __main__ - INFO - Debug mode: True
2025-03-28 11:49:37,734 - __main__ - INFO - Output file: test_usa_cars_newyork.json
2025-03-28 11:49:37,734 - usa_cars_scraper - WARNING - Error checking Chrome installation: cannot import name 'get_browser_version_from_os' from 'webdriver_manager.core.utils' (C:\Users\sid\.virtualenvs\Car-Data-Scraper-5s1umylB\Lib\site-packages\webdriver_manager\core\utils.py)
2025-03-28 11:49:37,734 - WDM - INFO - ====== WebDriver manager ======
2025-03-28 11:49:40,013 - WDM - INFO - Get LATEST chromedriver version for google-chrome
2025-03-28 11:49:40,223 - WDM - INFO - Get LATEST chromedriver version for google-chrome
2025-03-28 11:49:40,383 - WDM - INFO - Get LATEST chromedriver version for google-chrome
2025-03-28 11:49:40,736 - WDM - INFO - WebDriver version 134.0.6998.165 selected
2025-03-28 11:49:40,739 - WDM - INFO - Modern chrome version https://storage.googleapis.com/chrome-for-testing-public/134.0.6998.165/win32/chromedriver-win32.zip
2025-03-28 11:49:40,739 - WDM - INFO - About to download new driver from https://storage.googleapis.com/chrome-for-testing-public/134.0.6998.165/win32/chromedriver-win32.zip
2025-03-28 11:49:41,034 - WDM - INFO - Driver downloading response is 200
2025-03-28 11:49:42,314 - WDM - INFO - Get LATEST chromedriver version for google-chrome
2025-03-28 11:49:42,750 - WDM - INFO - Driver has been saved in cache [C:\Users\sid\.wdm\drivers\chromedriver\win64\134.0.6998.165]
2025-03-28 11:50:12,332 - usa_cars_scraper - INFO - Scraping domain: newyork, URL: https://newyork.craigslist.org/search/cta?bundleDuplicates=1&hasPic=1&postedToday=1#search=2~gallery~0
2025-03-28 11:50:12,333 - __main__ - INFO - Processing page 1 for domain newyork: https://newyork.craigslist.org/search/cta?bundleDuplicates=1&hasPic=1&postedToday=1#search=2~gallery~0
2025-03-28 11:50:12,333 - usa_cars_scraper - INFO - Processing listing page: https://newyork.craigslist.org/search/cta?bundleDuplicates=1&hasPic=1&postedToday=1#search=2~gallery~0 (Attempt 1/3)
2025-03-28 11:50:44,620 - usa_cars_scraper - INFO - Found 0 new car links
2025-03-28 11:50:44,788 - __main__ - INFO - Finished processing 0 listings for domain newyork
2025-03-28 11:50:46,892 - usa_cars_scraper - INFO - Closed browser for domain: newyork
2025-03-28 11:50:46,893 - __main__ - INFO - Test completed successfully!
2025-03-28 11:50:46,893 - __main__ - INFO - Scraped 0 listings from newyork
2025-03-28 11:50:46,893 - __main__ - INFO - Results saved to test_usa_cars_newyork.json
2025-03-28 11:51:14,684 - __main__ - INFO - Testing USA Cars Data Scraper with domain: newyork
2025-03-28 11:51:14,684 - __main__ - INFO - Max pages: 1
2025-03-28 11:51:14,684 - __main__ - INFO - Max listings: 2
2025-03-28 11:51:14,684 - __main__ - INFO - Headless mode: False
2025-03-28 11:51:14,684 - __main__ - INFO - Debug mode: True
2025-03-28 11:51:14,684 - __main__ - INFO - Output file: test_usa_cars_newyork.json
2025-03-28 11:51:14,684 - usa_cars_scraper - WARNING - Error checking Chrome installation: cannot import name 'get_browser_version_from_os' from 'webdriver_manager.core.utils' (C:\Users\sid\.virtualenvs\Car-Data-Scraper-5s1umylB\Lib\site-packages\webdriver_manager\core\utils.py)
2025-03-28 11:51:14,685 - WDM - INFO - ====== WebDriver manager ======
2025-03-28 11:51:16,795 - WDM - INFO - Get LATEST chromedriver version for google-chrome
2025-03-28 11:51:16,956 - WDM - INFO - Get LATEST chromedriver version for google-chrome
2025-03-28 11:51:17,103 - WDM - INFO - Driver [C:\Users\sid\.wdm\drivers\chromedriver\win64\134.0.6998.165\chromedriver-win32/chromedriver.exe] found in cache
2025-03-28 11:51:48,167 - usa_cars_scraper - ERROR - Error creating WebDriver: Message: timeout: Timed out receiving message from renderer: 21.807
  (Session info: chrome=134.0.6998.166)
Stacktrace:
	GetHandleVerifier [0x00BAC7F3+24435]
	(No symbol) [0x00B32074]
	(No symbol) [0x00A006E3]
	(No symbol) [0x009F121B]
	(No symbol) [0x009F0F51]
	(No symbol) [0x009EEE30]
	(No symbol) [0x009EF9DD]
	(No symbol) [0x009FBFE9]
	(No symbol) [0x00A0D975]
	(No symbol) [0x00A13236]
	(No symbol) [0x009EFFED]
	(No symbol) [0x00A0D718]
	(No symbol) [0x00A8F4F8]
	(No symbol) [0x00A6D5B6]
	(No symbol) [0x00A3C54F]
	(No symbol) [0x00A3D894]
	GetHandleVerifier [0x00EB70A3+3213347]
	GetHandleVerifier [0x00ECB0C9+3295305]
	GetHandleVerifier [0x00EC558C+3271948]
	GetHandleVerifier [0x00C47360+658144]
	(No symbol) [0x00B3B27D]
	(No symbol) [0x00B38208]
	(No symbol) [0x00B383A9]
	(No symbol) [0x00B2AAC0]
	BaseThreadInitThunk [0x75E15D49+25]
	RtlInitializeExceptionChain [0x773BCE3B+107]
	RtlGetAppContainerNamedObjectPath [0x773BCDC1+561]

2025-03-28 11:51:48,168 - usa_cars_scraper - ERROR - Error scraping domain newyork: Message: timeout: Timed out receiving message from renderer: 21.807
  (Session info: chrome=134.0.6998.166)
Stacktrace:
	GetHandleVerifier [0x00BAC7F3+24435]
	(No symbol) [0x00B32074]
	(No symbol) [0x00A006E3]
	(No symbol) [0x009F121B]
	(No symbol) [0x009F0F51]
	(No symbol) [0x009EEE30]
	(No symbol) [0x009EF9DD]
	(No symbol) [0x009FBFE9]
	(No symbol) [0x00A0D975]
	(No symbol) [0x00A13236]
	(No symbol) [0x009EFFED]
	(No symbol) [0x00A0D718]
	(No symbol) [0x00A8F4F8]
	(No symbol) [0x00A6D5B6]
	(No symbol) [0x00A3C54F]
	(No symbol) [0x00A3D894]
	GetHandleVerifier [0x00EB70A3+3213347]
	GetHandleVerifier [0x00ECB0C9+3295305]
	GetHandleVerifier [0x00EC558C+3271948]
	GetHandleVerifier [0x00C47360+658144]
	(No symbol) [0x00B3B27D]
	(No symbol) [0x00B38208]
	(No symbol) [0x00B383A9]
	(No symbol) [0x00B2AAC0]
	BaseThreadInitThunk [0x75E15D49+25]
	RtlInitializeExceptionChain [0x773BCE3B+107]
	RtlGetAppContainerNamedObjectPath [0x773BCDC1+561]

2025-03-28 11:51:48,184 - usa_cars_scraper - ERROR - Traceback (most recent call last):
  File "C:\Users\sid\Desktop\Dijango\USACARSDATASCRAPER\Car-Data-Scraper\usa_cars_scraper.py", line 396, in scrape_domain
    driver = self.create_driver()
  File "C:\Users\sid\Desktop\Dijango\USACARSDATASCRAPER\Car-Data-Scraper\usa_cars_scraper.py", line 254, in create_driver
    driver.get("https://craigslist.org")
    ~~~~~~~~~~^^^^^^^^^^^^^^^^^^^^^^^^^^
  File "C:\Users\sid\.virtualenvs\Car-Data-Scraper-5s1umylB\Lib\site-packages\selenium\webdriver\remote\webdriver.py", line 454, in get
    self.execute(Command.GET, {"url": url})
    ~~~~~~~~~~~~^^^^^^^^^^^^^^^^^^^^^^^^^^^
  File "C:\Users\sid\.virtualenvs\Car-Data-Scraper-5s1umylB\Lib\site-packages\selenium\webdriver\remote\webdriver.py", line 429, in execute
    self.error_handler.check_response(response)
    ~~~~~~~~~~~~~~~~~~~~~~~~~~~~~~~~~^^^^^^^^^^
  File "C:\Users\sid\.virtualenvs\Car-Data-Scraper-5s1umylB\Lib\site-packages\selenium\webdriver\remote\errorhandler.py", line 232, in check_response
    raise exception_class(message, screen, stacktrace)
selenium.common.exceptions.TimeoutException: Message: timeout: Timed out receiving message from renderer: 21.807
  (Session info: chrome=134.0.6998.166)
Stacktrace:
	GetHandleVerifier [0x00BAC7F3+24435]
	(No symbol) [0x00B32074]
	(No symbol) [0x00A006E3]
	(No symbol) [0x009F121B]
	(No symbol) [0x009F0F51]
	(No symbol) [0x009EEE30]
	(No symbol) [0x009EF9DD]
	(No symbol) [0x009FBFE9]
	(No symbol) [0x00A0D975]
	(No symbol) [0x00A13236]
	(No symbol) [0x009EFFED]
	(No symbol) [0x00A0D718]
	(No symbol) [0x00A8F4F8]
	(No symbol) [0x00A6D5B6]
	(No symbol) [0x00A3C54F]
	(No symbol) [0x00A3D894]
	GetHandleVerifier [0x00EB70A3+3213347]
	GetHandleVerifier [0x00ECB0C9+3295305]
	GetHandleVerifier [0x00EC558C+3271948]
	GetHandleVerifier [0x00C47360+658144]
	(No symbol) [0x00B3B27D]
	(No symbol) [0x00B38208]
	(No symbol) [0x00B383A9]
	(No symbol) [0x00B2AAC0]
	BaseThreadInitThunk [0x75E15D49+25]
	RtlInitializeExceptionChain [0x773BCE3B+107]
	RtlGetAppContainerNamedObjectPath [0x773BCDC1+561]


2025-03-28 11:51:48,185 - __main__ - ERROR - Error during test: Message: timeout: Timed out receiving message from renderer: 21.807
  (Session info: chrome=134.0.6998.166)
Stacktrace:
	GetHandleVerifier [0x00BAC7F3+24435]
	(No symbol) [0x00B32074]
	(No symbol) [0x00A006E3]
	(No symbol) [0x009F121B]
	(No symbol) [0x009F0F51]
	(No symbol) [0x009EEE30]
	(No symbol) [0x009EF9DD]
	(No symbol) [0x009FBFE9]
	(No symbol) [0x00A0D975]
	(No symbol) [0x00A13236]
	(No symbol) [0x009EFFED]
	(No symbol) [0x00A0D718]
	(No symbol) [0x00A8F4F8]
	(No symbol) [0x00A6D5B6]
	(No symbol) [0x00A3C54F]
	(No symbol) [0x00A3D894]
	GetHandleVerifier [0x00EB70A3+3213347]
	GetHandleVerifier [0x00ECB0C9+3295305]
	GetHandleVerifier [0x00EC558C+3271948]
	GetHandleVerifier [0x00C47360+658144]
	(No symbol) [0x00B3B27D]
	(No symbol) [0x00B38208]
	(No symbol) [0x00B383A9]
	(No symbol) [0x00B2AAC0]
	BaseThreadInitThunk [0x75E15D49+25]
	RtlInitializeExceptionChain [0x773BCE3B+107]
	RtlGetAppContainerNamedObjectPath [0x773BCDC1+561]

2025-03-28 11:51:48,187 - __main__ - ERROR - Traceback (most recent call last):
  File "C:\Users\sid\Desktop\Dijango\USACARSDATASCRAPER\Car-Data-Scraper\test_usa_cars_scraper.py", line 112, in main
    results = scraper.scrape_domain(args.domain, state)
  File "C:\Users\sid\Desktop\Dijango\USACARSDATASCRAPER\Car-Data-Scraper\usa_cars_scraper.py", line 396, in scrape_domain
    driver = self.create_driver()
  File "C:\Users\sid\Desktop\Dijango\USACARSDATASCRAPER\Car-Data-Scraper\usa_cars_scraper.py", line 254, in create_driver
    driver.get("https://craigslist.org")
    ~~~~~~~~~~^^^^^^^^^^^^^^^^^^^^^^^^^^
  File "C:\Users\sid\.virtualenvs\Car-Data-Scraper-5s1umylB\Lib\site-packages\selenium\webdriver\remote\webdriver.py", line 454, in get
    self.execute(Command.GET, {"url": url})
    ~~~~~~~~~~~~^^^^^^^^^^^^^^^^^^^^^^^^^^^
  File "C:\Users\sid\.virtualenvs\Car-Data-Scraper-5s1umylB\Lib\site-packages\selenium\webdriver\remote\webdriver.py", line 429, in execute
    self.error_handler.check_response(response)
    ~~~~~~~~~~~~~~~~~~~~~~~~~~~~~~~~~^^^^^^^^^^
  File "C:\Users\sid\.virtualenvs\Car-Data-Scraper-5s1umylB\Lib\site-packages\selenium\webdriver\remote\errorhandler.py", line 232, in check_response
    raise exception_class(message, screen, stacktrace)
selenium.common.exceptions.TimeoutException: Message: timeout: Timed out receiving message from renderer: 21.807
  (Session info: chrome=134.0.6998.166)
Stacktrace:
	GetHandleVerifier [0x00BAC7F3+24435]
	(No symbol) [0x00B32074]
	(No symbol) [0x00A006E3]
	(No symbol) [0x009F121B]
	(No symbol) [0x009F0F51]
	(No symbol) [0x009EEE30]
	(No symbol) [0x009EF9DD]
	(No symbol) [0x009FBFE9]
	(No symbol) [0x00A0D975]
	(No symbol) [0x00A13236]
	(No symbol) [0x009EFFED]
	(No symbol) [0x00A0D718]
	(No symbol) [0x00A8F4F8]
	(No symbol) [0x00A6D5B6]
	(No symbol) [0x00A3C54F]
	(No symbol) [0x00A3D894]
	GetHandleVerifier [0x00EB70A3+3213347]
	GetHandleVerifier [0x00ECB0C9+3295305]
	GetHandleVerifier [0x00EC558C+3271948]
	GetHandleVerifier [0x00C47360+658144]
	(No symbol) [0x00B3B27D]
	(No symbol) [0x00B38208]
	(No symbol) [0x00B383A9]
	(No symbol) [0x00B2AAC0]
	BaseThreadInitThunk [0x75E15D49+25]
	RtlInitializeExceptionChain [0x773BCE3B+107]
	RtlGetAppContainerNamedObjectPath [0x773BCDC1+561]


2025-03-28 11:53:15,068 - __main__ - INFO - Testing USA Cars Data Scraper with domain: newyork
2025-03-28 11:53:15,068 - __main__ - INFO - Max pages: 1
2025-03-28 11:53:15,069 - __main__ - INFO - Max listings: 2
2025-03-28 11:53:15,069 - __main__ - INFO - Headless mode: False
2025-03-28 11:53:15,069 - __main__ - INFO - Debug mode: True
2025-03-28 11:53:15,069 - __main__ - INFO - Output file: test_usa_cars_newyork.json
2025-03-28 11:53:15,069 - usa_cars_scraper - WARNING - Error checking Chrome installation: cannot import name 'get_browser_version_from_os' from 'webdriver_manager.core.utils' (C:\Users\sid\.virtualenvs\Car-Data-Scraper-5s1umylB\Lib\site-packages\webdriver_manager\core\utils.py)
2025-03-28 11:53:15,070 - WDM - INFO - ====== WebDriver manager ======
2025-03-28 11:53:17,391 - WDM - INFO - Get LATEST chromedriver version for google-chrome
2025-03-28 11:53:17,869 - WDM - INFO - Get LATEST chromedriver version for google-chrome
2025-03-28 11:53:18,381 - WDM - INFO - Driver [C:\Users\sid\.wdm\drivers\chromedriver\win64\134.0.6998.165\chromedriver-win32/chromedriver.exe] found in cache
2025-03-28 11:53:25,642 - usa_cars_scraper - INFO - Scraping domain: newyork, URL: https://newyork.craigslist.org/search/cta?bundleDuplicates=1&hasPic=1&postedToday=1#search=2~gallery~0
2025-03-28 11:53:25,642 - __main__ - INFO - Processing page 1 for domain newyork: https://newyork.craigslist.org/search/cta?bundleDuplicates=1&hasPic=1&postedToday=1#search=2~gallery~0
2025-03-28 11:53:25,643 - usa_cars_scraper - INFO - Processing listing page: https://newyork.craigslist.org/search/cta?bundleDuplicates=1&hasPic=1&postedToday=1#search=2~gallery~0 (Attempt 1/3)
2025-03-28 11:53:51,882 - usa_cars_scraper - INFO - Found 200 new car links
2025-03-28 11:53:52,126 - usa_cars_scraper - INFO - Scraping detailed listing: https://newyork.craigslist.org/brk/ctd/d/burlington-2008-lexus-es-cheap-cars-and/7838069764.html (Attempt 1/3)
2025-03-28 11:54:20,177 - __main__ - INFO - Scraped details for listing: 2008 Lexus Es350 100 cheap cars and suvs in stock - $3,395 (our website is motorhubnj.com)
2025-03-28 11:54:20,178 - usa_cars_scraper - INFO - Scraping detailed listing: https://newyork.craigslist.org/brk/ctd/d/brooklyn-2011-bmw-x3/7838068556.html (Attempt 1/3)
2025-03-28 11:54:27,097 - __main__ - INFO - Scraped details for listing: 2011 BMW X3 - $4,900 (Brooklyn)
2025-03-28 11:54:27,098 - __main__ - INFO - Reached maximum number of listings (2)
2025-03-28 11:54:29,284 - usa_cars_scraper - INFO - Closed browser for domain: newyork
2025-03-28 11:54:29,286 - __main__ - INFO - Test completed successfully!
2025-03-28 11:54:29,286 - __main__ - INFO - Scraped 2 listings from newyork
2025-03-28 11:54:29,287 - __main__ - INFO - Results saved to test_usa_cars_newyork.json
2025-03-28 11:55:52,551 - __main__ - INFO - Testing USA Cars Data Scraper with domain: newyork
2025-03-28 11:55:52,552 - __main__ - INFO - Max pages: 1
2025-03-28 11:55:52,552 - __main__ - INFO - Max listings: 2
2025-03-28 11:55:52,552 - __main__ - INFO - Headless mode: False
2025-03-28 11:55:52,552 - __main__ - INFO - Debug mode: True
2025-03-28 11:55:52,552 - __main__ - INFO - Output file: test_usa_cars_newyork.json
2025-03-28 11:55:52,552 - usa_cars_scraper - WARNING - Error checking Chrome installation: cannot import name 'get_browser_version_from_os' from 'webdriver_manager.core.utils' (C:\Users\sid\.virtualenvs\Car-Data-Scraper-5s1umylB\Lib\site-packages\webdriver_manager\core\utils.py)
2025-03-28 11:55:52,552 - WDM - INFO - ====== WebDriver manager ======
2025-03-28 11:55:54,539 - WDM - INFO - Get LATEST chromedriver version for google-chrome
2025-03-28 11:55:54,697 - WDM - INFO - Get LATEST chromedriver version for google-chrome
2025-03-28 11:55:54,839 - WDM - INFO - Driver [C:\Users\sid\.wdm\drivers\chromedriver\win64\134.0.6998.165\chromedriver-win32/chromedriver.exe] found in cache
2025-03-28 11:56:02,373 - usa_cars_scraper - INFO - Scraping domain: newyork, URL: https://newyork.craigslist.org/search/cta?bundleDuplicates=1&hasPic=1&postedToday=1#search=2~gallery~0
2025-03-28 11:56:02,374 - __main__ - INFO - Processing page 1 for domain newyork: https://newyork.craigslist.org/search/cta?bundleDuplicates=1&hasPic=1&postedToday=1#search=2~gallery~0
2025-03-28 11:56:02,374 - usa_cars_scraper - INFO - Processing listing page: https://newyork.craigslist.org/search/cta?bundleDuplicates=1&hasPic=1&postedToday=1#search=2~gallery~0 (Attempt 1/3)
2025-03-28 11:56:27,377 - usa_cars_scraper - INFO - Found 0 new car links
2025-03-28 11:56:27,737 - __main__ - INFO - Finished processing 0 listings for domain newyork
2025-03-28 11:56:29,838 - usa_cars_scraper - INFO - Closed browser for domain: newyork
2025-03-28 11:56:29,840 - __main__ - INFO - Test completed successfully!
2025-03-28 11:56:29,841 - __main__ - INFO - Scraped 0 listings from newyork
2025-03-28 11:56:29,841 - __main__ - INFO - Results saved to test_usa_cars_newyork.json
2025-03-28 11:59:38,683 - __main__ - INFO - Testing USA Cars Data Scraper with domains: newyork, chicago, losangeles
2025-03-28 11:59:38,683 - __main__ - INFO - Max domains: 3
2025-03-28 11:59:38,684 - __main__ - INFO - Max pages: 1
2025-03-28 11:59:38,684 - __main__ - INFO - Max listings: 2
2025-03-28 11:59:38,684 - __main__ - INFO - Headless mode: True
2025-03-28 11:59:38,684 - __main__ - INFO - Debug mode: False
2025-03-28 11:59:38,685 - __main__ - INFO - Output file: test_usa_cars_multiple_20250328_115938.json
2025-03-28 11:59:38,685 - usa_cars_scraper - WARNING - Error checking Chrome installation: cannot import name 'get_browser_version_from_os' from 'webdriver_manager.core.utils' (C:\Users\sid\.virtualenvs\Car-Data-Scraper-5s1umylB\Lib\site-packages\webdriver_manager\core\utils.py)
2025-03-28 11:59:38,685 - __main__ - INFO - Testing domain: newyork
2025-03-28 11:59:38,686 - WDM - INFO - ====== WebDriver manager ======
2025-03-28 11:59:41,161 - WDM - INFO - Get LATEST chromedriver version for google-chrome
2025-03-28 11:59:41,303 - WDM - INFO - Get LATEST chromedriver version for google-chrome
2025-03-28 11:59:41,443 - WDM - INFO - Driver [C:\Users\sid\.wdm\drivers\chromedriver\win64\134.0.6998.165\chromedriver-win32/chromedriver.exe] found in cache
2025-03-28 11:59:48,223 - usa_cars_scraper - INFO - Scraping domain: newyork, URL: https://newyork.craigslist.org/search/cta?bundleDuplicates=1&hasPic=1&postedToday=1#search=2~gallery~0
2025-03-28 11:59:48,224 - __main__ - INFO - Processing page 1 for domain newyork: https://newyork.craigslist.org/search/cta?bundleDuplicates=1&hasPic=1&postedToday=1#search=2~gallery~0
2025-03-28 11:59:48,224 - usa_cars_scraper - INFO - Processing listing page: https://newyork.craigslist.org/search/cta?bundleDuplicates=1&hasPic=1&postedToday=1#search=2~gallery~0 (Attempt 1/3)
2025-03-28 12:00:16,705 - usa_cars_scraper - INFO - Found 200 new car links
2025-03-28 12:00:16,829 - usa_cars_scraper - INFO - Scraping detailed listing: https://newyork.craigslist.org/brk/ctd/d/burlington-2008-lexus-es-cheap-cars-and/7838069764.html (Attempt 1/3)
2025-03-28 12:00:44,499 - __main__ - INFO - Scraped details for listing: 2008 Lexus Es350 100 cheap cars and suvs in stock - $3,395 (our website is motorhubnj.com)
2025-03-28 12:00:44,500 - usa_cars_scraper - INFO - Scraping detailed listing: https://newyork.craigslist.org/brk/ctd/d/brooklyn-2011-bmw-x3/7838068556.html (Attempt 1/3)
2025-03-28 12:00:52,290 - __main__ - INFO - Scraped details for listing: 2011 BMW X3 - $4,900 (Brooklyn)
2025-03-28 12:00:52,290 - __main__ - INFO - Reached maximum number of listings (2)
2025-03-28 12:00:54,395 - usa_cars_scraper - INFO - Closed browser for domain: newyork
2025-03-28 12:00:54,396 - __main__ - INFO - Successfully scraped 2 listings from newyork
2025-03-28 12:00:54,396 - __main__ - INFO - Testing domain: chicago
2025-03-28 12:00:54,396 - WDM - INFO - ====== WebDriver manager ======
2025-03-28 12:00:56,491 - WDM - INFO - Get LATEST chromedriver version for google-chrome
2025-03-28 12:01:00,641 - WDM - INFO - Get LATEST chromedriver version for google-chrome
2025-03-28 12:01:00,779 - WDM - INFO - Driver [C:\Users\sid\.wdm\drivers\chromedriver\win64\134.0.6998.165\chromedriver-win32/chromedriver.exe] found in cache
2025-03-28 12:01:07,702 - usa_cars_scraper - INFO - Scraping domain: chicago, URL: https://chicago.craigslist.org/search/cta?bundleDuplicates=1&hasPic=1&postedToday=1#search=2~gallery~0
2025-03-28 12:01:07,703 - __main__ - INFO - Processing page 1 for domain chicago: https://chicago.craigslist.org/search/cta?bundleDuplicates=1&hasPic=1&postedToday=1#search=2~gallery~0
2025-03-28 12:01:07,703 - usa_cars_scraper - INFO - Processing listing page: https://chicago.craigslist.org/search/cta?bundleDuplicates=1&hasPic=1&postedToday=1#search=2~gallery~0 (Attempt 1/3)
2025-03-28 12:01:32,028 - usa_cars_scraper - INFO - Found 145 new car links
2025-03-28 12:01:32,132 - usa_cars_scraper - INFO - Scraping detailed listing: https://chicago.craigslist.org/nch/ctd/d/waukegan-2014-ford-150/7838074357.html (Attempt 1/3)
2025-03-28 12:02:02,133 - usa_cars_scraper - ERROR - Error scraping https://chicago.craigslist.org/nch/ctd/d/waukegan-2014-ford-150/7838074357.html (Attempt 1): Message: timeout: Timed out receiving message from renderer: 29.693
  (Session info: chrome=134.0.6998.166)
Stacktrace:
	GetHandleVerifier [0x00BAC7F3+24435]
	(No symbol) [0x00B32074]
	(No symbol) [0x00A006E3]
	(No symbol) [0x009F121B]
	(No symbol) [0x009F0F51]
	(No symbol) [0x009EEE30]
	(No symbol) [0x009EF9DD]
	(No symbol) [0x009FBFE9]
	(No symbol) [0x00A0D975]
	(No symbol) [0x00A13236]
	(No symbol) [0x009EFFED]
	(No symbol) [0x00A0D718]
	(No symbol) [0x00A8F4F8]
	(No symbol) [0x00A6D5B6]
	(No symbol) [0x00A3C54F]
	(No symbol) [0x00A3D894]
	GetHandleVerifier [0x00EB70A3+3213347]
	GetHandleVerifier [0x00ECB0C9+3295305]
	GetHandleVerifier [0x00EC558C+3271948]
	GetHandleVerifier [0x00C47360+658144]
	(No symbol) [0x00B3B27D]
	(No symbol) [0x00B38208]
	(No symbol) [0x00B383A9]
	(No symbol) [0x00B2AAC0]
	BaseThreadInitThunk [0x75E15D49+25]
	RtlInitializeExceptionChain [0x773BCE3B+107]
	RtlGetAppContainerNamedObjectPath [0x773BCDC1+561]

2025-03-28 12:02:02,136 - usa_cars_scraper - ERROR - Traceback (most recent call last):
  File "C:\Users\sid\Desktop\Dijango\USACARSDATASCRAPER\Car-Data-Scraper\usa_cars_scraper.py", line 748, in _scrape_car_details
    driver.get(url)
    ~~~~~~~~~~^^^^^
  File "C:\Users\sid\.virtualenvs\Car-Data-Scraper-5s1umylB\Lib\site-packages\selenium\webdriver\remote\webdriver.py", line 454, in get
    self.execute(Command.GET, {"url": url})
    ~~~~~~~~~~~~^^^^^^^^^^^^^^^^^^^^^^^^^^^
  File "C:\Users\sid\.virtualenvs\Car-Data-Scraper-5s1umylB\Lib\site-packages\selenium\webdriver\remote\webdriver.py", line 429, in execute
    self.error_handler.check_response(response)
    ~~~~~~~~~~~~~~~~~~~~~~~~~~~~~~~~~^^^^^^^^^^
  File "C:\Users\sid\.virtualenvs\Car-Data-Scraper-5s1umylB\Lib\site-packages\selenium\webdriver\remote\errorhandler.py", line 232, in check_response
    raise exception_class(message, screen, stacktrace)
selenium.common.exceptions.TimeoutException: Message: timeout: Timed out receiving message from renderer: 29.693
  (Session info: chrome=134.0.6998.166)
Stacktrace:
	GetHandleVerifier [0x00BAC7F3+24435]
	(No symbol) [0x00B32074]
	(No symbol) [0x00A006E3]
	(No symbol) [0x009F121B]
	(No symbol) [0x009F0F51]
	(No symbol) [0x009EEE30]
	(No symbol) [0x009EF9DD]
	(No symbol) [0x009FBFE9]
	(No symbol) [0x00A0D975]
	(No symbol) [0x00A13236]
	(No symbol) [0x009EFFED]
	(No symbol) [0x00A0D718]
	(No symbol) [0x00A8F4F8]
	(No symbol) [0x00A6D5B6]
	(No symbol) [0x00A3C54F]
	(No symbol) [0x00A3D894]
	GetHandleVerifier [0x00EB70A3+3213347]
	GetHandleVerifier [0x00ECB0C9+3295305]
	GetHandleVerifier [0x00EC558C+3271948]
	GetHandleVerifier [0x00C47360+658144]
	(No symbol) [0x00B3B27D]
	(No symbol) [0x00B38208]
	(No symbol) [0x00B383A9]
	(No symbol) [0x00B2AAC0]
	BaseThreadInitThunk [0x75E15D49+25]
	RtlInitializeExceptionChain [0x773BCE3B+107]
	RtlGetAppContainerNamedObjectPath [0x773BCDC1+561]


2025-03-28 12:02:02,137 - usa_cars_scraper - INFO - Waiting 3.57 seconds before retrying...
2025-03-28 12:02:05,705 - usa_cars_scraper - INFO - Scraping detailed listing: https://chicago.craigslist.org/nch/ctd/d/waukegan-2014-ford-150/7838074357.html (Attempt 2/3)
2025-03-28 12:02:24,328 - __main__ - INFO - Scraped details for listing: 2014 FORD F-150 - $8,999 (BEACH PARK, ILLINOIS)
2025-03-28 12:02:24,329 - usa_cars_scraper - INFO - Scraping detailed listing: https://chicago.craigslist.org/nch/ctd/d/waukegan-2019-toyota-camry/7838072832.html (Attempt 1/3)
2025-03-28 12:02:30,024 - __main__ - INFO - Scraped details for listing: 2019 TOYOTA CAMRY - $14,999 (BEACH PARK,ILLINOIS)
2025-03-28 12:02:30,024 - __main__ - INFO - Reached maximum number of listings (2)
2025-03-28 12:02:32,205 - usa_cars_scraper - INFO - Closed browser for domain: chicago
2025-03-28 12:02:32,206 - __main__ - INFO - Successfully scraped 2 listings from chicago
2025-03-28 12:02:32,206 - __main__ - INFO - Testing domain: losangeles
2025-03-28 12:02:32,207 - WDM - INFO - ====== WebDriver manager ======
2025-03-28 12:02:34,130 - WDM - INFO - Get LATEST chromedriver version for google-chrome
2025-03-28 12:02:34,502 - WDM - INFO - Get LATEST chromedriver version for google-chrome
2025-03-28 12:02:34,680 - WDM - INFO - Driver [C:\Users\sid\.wdm\drivers\chromedriver\win64\134.0.6998.165\chromedriver-win32/chromedriver.exe] found in cache
2025-03-28 12:02:44,570 - usa_cars_scraper - INFO - Scraping domain: losangeles, URL: https://losangeles.craigslist.org/search/cta?bundleDuplicates=1&hasPic=1&postedToday=1#search=2~gallery~0
2025-03-28 12:02:44,570 - __main__ - INFO - Processing page 1 for domain losangeles: https://losangeles.craigslist.org/search/cta?bundleDuplicates=1&hasPic=1&postedToday=1#search=2~gallery~0
2025-03-28 12:02:44,570 - usa_cars_scraper - INFO - Processing listing page: https://losangeles.craigslist.org/search/cta?bundleDuplicates=1&hasPic=1&postedToday=1#search=2~gallery~0 (Attempt 1/3)
2025-03-28 12:03:14,572 - usa_cars_scraper - ERROR - Error processing listing page https://losangeles.craigslist.org/search/cta?bundleDuplicates=1&hasPic=1&postedToday=1#search=2~gallery~0 (Attempt 1): Message: timeout: Timed out receiving message from renderer: 28.274
  (Session info: chrome=134.0.6998.166)
Stacktrace:
	GetHandleVerifier [0x00BAC7F3+24435]
	(No symbol) [0x00B32074]
	(No symbol) [0x00A006E3]
	(No symbol) [0x009F121B]
	(No symbol) [0x009F0F51]
	(No symbol) [0x009EEE30]
	(No symbol) [0x009EF9DD]
	(No symbol) [0x009FBFE9]
	(No symbol) [0x00A0D975]
	(No symbol) [0x00A13236]
	(No symbol) [0x009EFFED]
	(No symbol) [0x00A0D718]
	(No symbol) [0x00A8F4F8]
	(No symbol) [0x00A6D5B6]
	(No symbol) [0x00A3C54F]
	(No symbol) [0x00A3D894]
	GetHandleVerifier [0x00EB70A3+3213347]
	GetHandleVerifier [0x00ECB0C9+3295305]
	GetHandleVerifier [0x00EC558C+3271948]
	GetHandleVerifier [0x00C47360+658144]
	(No symbol) [0x00B3B27D]
	(No symbol) [0x00B38208]
	(No symbol) [0x00B383A9]
	(No symbol) [0x00B2AAC0]
	BaseThreadInitThunk [0x75E15D49+25]
	RtlInitializeExceptionChain [0x773BCE3B+107]
	RtlGetAppContainerNamedObjectPath [0x773BCDC1+561]

2025-03-28 12:03:14,574 - usa_cars_scraper - ERROR - Traceback (most recent call last):
  File "C:\Users\sid\Desktop\Dijango\USACARSDATASCRAPER\Car-Data-Scraper\usa_cars_scraper.py", line 501, in _process_listing_page
    driver.get(page_url)
    ~~~~~~~~~~^^^^^^^^^^
  File "C:\Users\sid\.virtualenvs\Car-Data-Scraper-5s1umylB\Lib\site-packages\selenium\webdriver\remote\webdriver.py", line 454, in get
    self.execute(Command.GET, {"url": url})
    ~~~~~~~~~~~~^^^^^^^^^^^^^^^^^^^^^^^^^^^
  File "C:\Users\sid\.virtualenvs\Car-Data-Scraper-5s1umylB\Lib\site-packages\selenium\webdriver\remote\webdriver.py", line 429, in execute
    self.error_handler.check_response(response)
    ~~~~~~~~~~~~~~~~~~~~~~~~~~~~~~~~~^^^^^^^^^^
  File "C:\Users\sid\.virtualenvs\Car-Data-Scraper-5s1umylB\Lib\site-packages\selenium\webdriver\remote\errorhandler.py", line 232, in check_response
    raise exception_class(message, screen, stacktrace)
selenium.common.exceptions.TimeoutException: Message: timeout: Timed out receiving message from renderer: 28.274
  (Session info: chrome=134.0.6998.166)
Stacktrace:
	GetHandleVerifier [0x00BAC7F3+24435]
	(No symbol) [0x00B32074]
	(No symbol) [0x00A006E3]
	(No symbol) [0x009F121B]
	(No symbol) [0x009F0F51]
	(No symbol) [0x009EEE30]
	(No symbol) [0x009EF9DD]
	(No symbol) [0x009FBFE9]
	(No symbol) [0x00A0D975]
	(No symbol) [0x00A13236]
	(No symbol) [0x009EFFED]
	(No symbol) [0x00A0D718]
	(No symbol) [0x00A8F4F8]
	(No symbol) [0x00A6D5B6]
	(No symbol) [0x00A3C54F]
	(No symbol) [0x00A3D894]
	GetHandleVerifier [0x00EB70A3+3213347]
	GetHandleVerifier [0x00ECB0C9+3295305]
	GetHandleVerifier [0x00EC558C+3271948]
	GetHandleVerifier [0x00C47360+658144]
	(No symbol) [0x00B3B27D]
	(No symbol) [0x00B38208]
	(No symbol) [0x00B383A9]
	(No symbol) [0x00B2AAC0]
	BaseThreadInitThunk [0x75E15D49+25]
	RtlInitializeExceptionChain [0x773BCE3B+107]
	RtlGetAppContainerNamedObjectPath [0x773BCDC1+561]


2025-03-28 12:03:14,575 - usa_cars_scraper - INFO - Waiting 2.54 seconds before retrying...
2025-03-28 12:03:17,117 - usa_cars_scraper - INFO - Processing listing page: https://losangeles.craigslist.org/search/cta?bundleDuplicates=1&hasPic=1&postedToday=1#search=2~gallery~0 (Attempt 2/3)
2025-03-28 12:03:23,477 - usa_cars_scraper - INFO - Found 349 new car links
2025-03-28 12:03:23,632 - usa_cars_scraper - INFO - Scraping detailed listing: https://losangeles.craigslist.org/sfv/cto/d/santa-clarita-2017-bmw-430i-grand-coupe/7838077115.html (Attempt 1/3)
2025-03-28 12:03:50,990 - __main__ - INFO - Scraped details for listing: 2017 bmw 430i grand coupe - $15,000 (Santa Clarita)
2025-03-28 12:03:50,990 - usa_cars_scraper - INFO - Scraping detailed listing: https://losangeles.craigslist.org/lgb/cto/d/rialto-1980-chevrolet-suburban-7400-obo/7838077102.html (Attempt 1/3)
2025-03-28 12:03:59,558 - __main__ - INFO - Scraped details for listing: 1980 CHEVROLET SUBURBAN $7,400 OBO WILL BE ACCEPTED - $7,400 (RIALTO) - $7,400 (RIALTO)
2025-03-28 12:03:59,558 - __main__ - INFO - Reached maximum number of listings (2)
2025-03-28 12:04:01,704 - usa_cars_scraper - INFO - Closed browser for domain: losangeles
2025-03-28 12:04:01,705 - __main__ - INFO - Successfully scraped 2 listings from losangeles
2025-03-28 12:04:01,708 - __main__ - INFO - Test completed successfully!
2025-03-28 12:04:01,708 - __main__ - INFO - Tested 3 domains
2025-03-28 12:04:01,709 - __main__ - INFO - Results saved to test_usa_cars_multiple_20250328_115938.json
